Removed Member From Class: ClassName=sch_solder Member=*16
Removed Member From Class: ClassName=sch_solder Member=C1
Removed Member From Class: ClassName=sch_solder Member=C2
Removed Member From Class: ClassName=sch_solder Member=C3
Removed Member From Class: ClassName=sch_solder Member=C4
Removed Member From Class: ClassName=sch_solder Member=C5
Removed Member From Class: ClassName=sch_solder Member=D1
Removed Member From Class: ClassName=sch_solder Member=D2
Removed Member From Class: ClassName=sch_solder Member=D3
Removed Member From Class: ClassName=sch_solder Member=D4
Removed Member From Class: ClassName=sch_solder Member=D5
Removed Member From Class: ClassName=sch_solder Member=D6
Removed Member From Class: ClassName=sch_solder Member=D7
Removed Member From Class: ClassName=sch_solder Member=D8
Removed Member From Class: ClassName=sch_solder Member=D9
Removed Member From Class: ClassName=sch_solder Member=D10
Removed Member From Class: ClassName=sch_solder Member=D11
Removed Member From Class: ClassName=sch_solder Member=D12
Removed Member From Class: ClassName=sch_solder Member=D13
Removed Member From Class: ClassName=sch_solder Member=D14
Removed Member From Class: ClassName=sch_solder Member=D15
Removed Member From Class: ClassName=sch_solder Member=D16
Removed Member From Class: ClassName=sch_solder Member=D17
Removed Member From Class: ClassName=sch_solder Member=D18
Removed Member From Class: ClassName=sch_solder Member=D19
Removed Member From Class: ClassName=sch_solder Member=D20
Removed Member From Class: ClassName=sch_solder Member=D21
Removed Member From Class: ClassName=sch_solder Member=D22
Removed Member From Class: ClassName=sch_solder Member=D23
Removed Member From Class: ClassName=sch_solder Member=D24
Removed Member From Class: ClassName=sch_solder Member=D25
Removed Member From Class: ClassName=sch_solder Member=D26
Removed Member From Class: ClassName=sch_solder Member=D27
Removed Member From Class: ClassName=sch_solder Member=D28
Removed Member From Class: ClassName=sch_solder Member=D29
Removed Member From Class: ClassName=sch_solder Member=D30
Removed Member From Class: ClassName=sch_solder Member=D31
Removed Member From Class: ClassName=sch_solder Member=D32
Removed Member From Class: ClassName=sch_solder Member=D33
Removed Member From Class: ClassName=sch_solder Member=D34
Removed Member From Class: ClassName=sch_solder Member=D35
Removed Member From Class: ClassName=sch_solder Member=D36
Removed Member From Class: ClassName=sch_solder Member=D37
Removed Member From Class: ClassName=sch_solder Member=D38
Removed Member From Class: ClassName=sch_solder Member=D39
Removed Member From Class: ClassName=sch_solder Member=D40
Removed Member From Class: ClassName=sch_solder Member=D41
Removed Member From Class: ClassName=sch_solder Member=D42
Removed Member From Class: ClassName=sch_solder Member=D43
Removed Member From Class: ClassName=sch_solder Member=D44
Removed Member From Class: ClassName=sch_solder Member=D45
Removed Member From Class: ClassName=sch_solder Member=D46
Removed Member From Class: ClassName=sch_solder Member=D47
Removed Member From Class: ClassName=sch_solder Member=D48
Removed Member From Class: ClassName=sch_solder Member=D49
Removed Member From Class: ClassName=sch_solder Member=D50
Removed Member From Class: ClassName=sch_solder Member=D51
Removed Member From Class: ClassName=sch_solder Member=D52
Removed Member From Class: ClassName=sch_solder Member=D53
Removed Member From Class: ClassName=sch_solder Member=D54
Removed Member From Class: ClassName=sch_solder Member=D55
Removed Member From Class: ClassName=sch_solder Member=D56
Removed Member From Class: ClassName=sch_solder Member=D57
Removed Member From Class: ClassName=sch_solder Member=D58
Removed Member From Class: ClassName=sch_solder Member=D59
Removed Member From Class: ClassName=sch_solder Member=D60
Removed Member From Class: ClassName=sch_solder Member=D61
Removed Member From Class: ClassName=sch_solder Member=D62
Removed Member From Class: ClassName=sch_solder Member=D63
Removed Member From Class: ClassName=sch_solder Member=D64
Removed Member From Class: ClassName=sch_solder Member=D65
Removed Member From Class: ClassName=sch_solder Member=D66
Removed Member From Class: ClassName=sch_solder Member=D67
Removed Member From Class: ClassName=sch_solder Member=D68
Removed Member From Class: ClassName=sch_solder Member=D69
Removed Member From Class: ClassName=sch_solder Member=D70
Removed Member From Class: ClassName=sch_solder Member=D71
Removed Member From Class: ClassName=sch_solder Member=D72
Removed Member From Class: ClassName=sch_solder Member=D73
Removed Member From Class: ClassName=sch_solder Member=D74
Removed Member From Class: ClassName=sch_solder Member=D75
Removed Member From Class: ClassName=sch_solder Member=D76
Removed Member From Class: ClassName=sch_solder Member=D77
Removed Member From Class: ClassName=sch_solder Member=D78
Removed Member From Class: ClassName=sch_solder Member=D79
Removed Member From Class: ClassName=sch_solder Member=D80
Removed Member From Class: ClassName=sch_solder Member=F1
Removed Member From Class: ClassName=sch_solder Member=J1
Removed Member From Class: ClassName=sch_solder Member=J2
Removed Member From Class: ClassName=sch_solder Member=J
Removed Member From Class: ClassName=sch_solder Member=LED1
Removed Member From Class: ClassName=sch_solder Member=OLED-1
Removed Member From Class: ClassName=sch_solder Member=R1
Removed Member From Class: ClassName=sch_solder Member=R4
Removed Member From Class: ClassName=sch_solder Member=R5
Removed Member From Class: ClassName=sch_solder Member=R6
Removed Member From Class: ClassName=sch_solder Member=R7
Removed Member From Class: ClassName=sch_solder Member=R8
Removed Member From Class: ClassName=sch_solder Member=R11
Removed Member From Class: ClassName=sch_solder Member=RESET1
Removed Member From Class: ClassName=sch_solder Member=S1
Removed Member From Class: ClassName=sch_solder Member=S2
Removed Member From Class: ClassName=sch_solder Member=S3
Removed Member From Class: ClassName=sch_solder Member=S4
Removed Member From Class: ClassName=sch_solder Member=S5
Removed Member From Class: ClassName=sch_solder Member=S6
Removed Member From Class: ClassName=sch_solder Member=S7
Removed Member From Class: ClassName=sch_solder Member=S8
Removed Member From Class: ClassName=sch_solder Member=S9
Removed Member From Class: ClassName=sch_solder Member=S10
Removed Member From Class: ClassName=sch_solder Member=S11
Removed Member From Class: ClassName=sch_solder Member=S12
Removed Member From Class: ClassName=sch_solder Member=S13
Removed Member From Class: ClassName=sch_solder Member=S14
Removed Member From Class: ClassName=sch_solder Member=S15
Removed Member From Class: ClassName=sch_solder Member=S16
Removed Member From Class: ClassName=sch_solder Member=S17
Removed Member From Class: ClassName=sch_solder Member=S18
Removed Member From Class: ClassName=sch_solder Member=S19
Removed Member From Class: ClassName=sch_solder Member=S20
Removed Member From Class: ClassName=sch_solder Member=S21
Removed Member From Class: ClassName=sch_solder Member=S22
Removed Member From Class: ClassName=sch_solder Member=S23
Removed Member From Class: ClassName=sch_solder Member=S24
Removed Member From Class: ClassName=sch_solder Member=S25
Removed Member From Class: ClassName=sch_solder Member=S26
Removed Member From Class: ClassName=sch_solder Member=S27
Removed Member From Class: ClassName=sch_solder Member=S28
Removed Member From Class: ClassName=sch_solder Member=S29
Removed Member From Class: ClassName=sch_solder Member=S30
Removed Member From Class: ClassName=sch_solder Member=S31
Removed Member From Class: ClassName=sch_solder Member=S32
Removed Member From Class: ClassName=sch_solder Member=S33
Removed Member From Class: ClassName=sch_solder Member=S34
Removed Member From Class: ClassName=sch_solder Member=S35
Removed Member From Class: ClassName=sch_solder Member=S36
Removed Member From Class: ClassName=sch_solder Member=S37
Removed Member From Class: ClassName=sch_solder Member=S38
Removed Member From Class: ClassName=sch_solder Member=S39
Removed Member From Class: ClassName=sch_solder Member=S40
Removed Member From Class: ClassName=sch_solder Member=S41
Removed Member From Class: ClassName=sch_solder Member=S42
Removed Member From Class: ClassName=sch_solder Member=S43
Removed Member From Class: ClassName=sch_solder Member=S44
Removed Member From Class: ClassName=sch_solder Member=S45
Removed Member From Class: ClassName=sch_solder Member=S46
Removed Member From Class: ClassName=sch_solder Member=S47
Removed Member From Class: ClassName=sch_solder Member=S48
Removed Member From Class: ClassName=sch_solder Member=S49
Removed Member From Class: ClassName=sch_solder Member=S50
Removed Member From Class: ClassName=sch_solder Member=S51
Removed Member From Class: ClassName=sch_solder Member=S52
Removed Member From Class: ClassName=sch_solder Member=S53
Removed Member From Class: ClassName=sch_solder Member=S55
Removed Member From Class: ClassName=sch_solder Member=S56
Removed Member From Class: ClassName=sch_solder Member=S57
Removed Member From Class: ClassName=sch_solder Member=S58
Removed Member From Class: ClassName=sch_solder Member=S59
Removed Member From Class: ClassName=sch_solder Member=S60
Removed Member From Class: ClassName=sch_solder Member=S61
Removed Member From Class: ClassName=sch_solder Member=S62
Removed Member From Class: ClassName=sch_solder Member=S63
Removed Member From Class: ClassName=sch_solder Member=S64
Removed Member From Class: ClassName=sch_solder Member=S65
Removed Member From Class: ClassName=sch_solder Member=S66
Removed Member From Class: ClassName=sch_solder Member=S67
Removed Member From Class: ClassName=sch_solder Member=S68
Removed Member From Class: ClassName=sch_solder Member=S69
Removed Member From Class: ClassName=sch_solder Member=S70
Removed Member From Class: ClassName=sch_solder Member=S71
Removed Member From Class: ClassName=sch_solder Member=S72
Removed Member From Class: ClassName=sch_solder Member=S73
Removed Member From Class: ClassName=sch_solder Member=S74
Removed Member From Class: ClassName=sch_solder Member=S75
Removed Member From Class: ClassName=sch_solder Member=S76
Removed Member From Class: ClassName=sch_solder Member=S77
Removed Member From Class: ClassName=sch_solder Member=S78
Removed Member From Class: ClassName=sch_solder Member=S79
Removed Member From Class: ClassName=sch_solder Member=S80
Removed Member From Class: ClassName=sch_solder Member=S81
Removed Member From Class: ClassName=sch_solder Member=S82
Removed Member From Class: ClassName=sch_solder Member=S83
Removed Member From Class: ClassName=sch_solder Member=S84
Removed Member From Class: ClassName=sch_solder Member=S85
Removed Member From Class: ClassName=sch_solder Member=S86
Removed Member From Class: ClassName=sch_solder Member=S87
Removed Member From Class: ClassName=sch_solder Member=S88
Removed Member From Class: ClassName=sch_solder Member=S89
Removed Member From Class: ClassName=sch_solder Member=S90
Removed Member From Class: ClassName=sch_solder Member=SW1
Removed Member From Class: ClassName=sch_solder Member=U1
Removed Member From Class: ClassName=sch_solder Member=Y1
Removed Member From Class: ClassName=sch_solder Member=ZD1
Removed Member From Class: ClassName=sch_solder Member=ZD2
Change Class Name : Old Net Name=sch_solder New Net Name=bottom_plate
Change Room Name: Old Name=sch_solder New Name=bottom_plate
Change Room Scope: Old Scope=InComponentClass('sch_solder') New Scope=InComponentClass('bottom_plate')
